<?xml version="1.0" encoding="UTF-8"?>
<testng-results ignored="0" total="1" passed="1" failed="0" skipped="0">
  <reporter-output>
  </reporter-output>
  <suite started-at="2024-06-12T17:10:26 IST" name="Default suite" finished-at="2024-06-12T17:10:33 IST" duration-ms="6463">
    <groups>
    </groups>
    <test started-at="2024-06-12T17:10:26 IST" name="Default test" finished-at="2024-06-12T17:10:33 IST" duration-ms="6463">
      <class name="gmail_Testcase.Login_Testcase">
        <test-method is-config="true" signature="launchBrowser()[pri:0, instance:gmail_Testcase.Login_Testcase@3d08f3f5]" started-at="2024-06-12T17:10:26 IST" name="launchBrowser" finished-at="2024-06-12T17:10:32 IST" duration-ms="5932" status="PASS">
          <reporter-output>
          </reporter-output>
        </test-method> <!-- launchBrowser -->
        <test-method signature="login()[pri:0, instance:gmail_Testcase.Login_Testcase@3d08f3f5]" started-at="2024-06-12T17:10:32 IST" name="login" finished-at="2024-06-12T17:10:33 IST" duration-ms="452" status="PASS">
          <reporter-output>
          </reporter-output>
        </test-method> <!-- login -->
      </class> <!-- gmail_Testcase.Login_Testcase -->
    </test> <!-- Default test -->
  </suite> <!-- Default suite -->
</testng-results>
